<?xml version="1.0" encoding="UTF-8"?>

<beans xmlns="http://www.springframework.org/schema/beans"
         xmlns:xsi="http://www.w3.org/2001/XMLSchema-instance"
         xmlns:aop="http://www.springframework.org/schema/aop"
         xmlns:p="http://www.springframework.org/schema/p"
         xsi:schemaLocation="http://www.springframework.org/schema/beans
           http://www.springframework.org/schema/beans/spring-beans-2.0.xsd
           http://www.springframework.org/schema/aop
           http://www.springframework.org/schema/aop/spring-aop-2.0.xsd">
           
	<bean id="mainContext" class="com.kt.naas.MainContext" scope="singleton"/>
	<bean id="messageUtils" class = "com.kt.naas.util.MessageUtils" scope="singleton"/>
	<bean id="emsService" class="com.kt.naas.service.EmsServiceProcessor" scope="singleton"/>
	<bean id="processorFactory" class="com.kt.naas.process.ProcessorFactory" scope="singleton"/>
	
	<import resource="message-source.xml"/>
	<import resource="db-context.xml"/>
	<import resource="dao-context.xml"/>

	<bean id="connectionFactory" class="org.apache.activemq.ActiveMQConnectionFactory">
        <property name="brokerURL" 			value="failover://tcp://211.224.204.136:61616" />
        <!-- 
        <property name="username"			value="username" />
        <property name="password"			value="password" />
         -->
    </bean>
	
	<bean id="requestClient" class="com.kt.naas.util.RequestClient">
		<property name="connectionFactory"	ref="connectionFactory"/>
	</bean>
	
	
</beans>